<?xml version="1.0" encoding="UTF-8"?>
<testng-results ignored="0" total="2" passed="2" failed="0" skipped="0">
  <reporter-output>
  </reporter-output>
  <suite started-at="2023-09-01T16:42:17 CET" name="Surefire suite" finished-at="2023-09-01T16:42:45 CET" duration-ms="28866">
    <groups>
    </groups>
    <test started-at="2023-09-01T16:42:17 CET" name="Surefire test" finished-at="2023-09-01T16:42:45 CET" duration-ms="28866">
      <class name="TestCases.TodoTest">
        <test-method is-config="true" signature="setup()[pri:0, instance:TestCases.TodoTest@453d496b]" started-at="2023-09-01T16:42:40 CET" name="setup" finished-at="2023-09-01T16:42:42 CET" duration-ms="1230" status="PASS">
          <reporter-output>
          </reporter-output>
        </test-method> <!-- setup -->
        <test-method signature="ShouldBeAbleTodeleteTodo()[pri:0, instance:TestCases.TodoTest@453d496b]" started-at="2023-09-01T16:42:42 CET" name="ShouldBeAbleTodeleteTodo" description="should be able to add a new todo correctly" finished-at="2023-09-01T16:42:45 CET" duration-ms="3181" status="PASS">
          <reporter-output>
          </reporter-output>
        </test-method> <!-- ShouldBeAbleTodeleteTodo -->
        <test-method is-config="true" signature="TearDown(org.testng.ITestResult)[pri:0, instance:TestCases.TodoTest@453d496b]" started-at="2023-09-01T16:42:45 CET" name="TearDown" finished-at="2023-09-01T16:42:45 CET" duration-ms="590" status="PASS">
          <params>
            <param index="0">
              <value>
                <![CDATA[[TestResult name=ShouldBeAbleTodeleteTodo status=SUCCESS method=TodoTest.ShouldBeAbleTodeleteTodo()[pri:0, instance:TestCases.TodoTest@453d496b] output={null}]]]>
              </value>
            </param>
          </params>
          <reporter-output>
          </reporter-output>
        </test-method> <!-- TearDown -->
      </class> <!-- TestCases.TodoTest -->
      <class name="TestCases.LoginTest">
        <test-method is-config="true" signature="setup()[pri:0, instance:TestCases.LoginTest@77c7ed8e]" started-at="2023-09-01T16:42:17 CET" name="setup" finished-at="2023-09-01T16:42:36 CET" duration-ms="19581" status="PASS">
          <reporter-output>
          </reporter-output>
        </test-method> <!-- setup -->
        <test-method signature="ShouldBeAbleToLoginWithEmailAndPassword()[pri:0, instance:TestCases.LoginTest@77c7ed8e]" started-at="2023-09-01T16:42:36 CET" name="ShouldBeAbleToLoginWithEmailAndPassword" description=" test the login functionnality using email and password" finished-at="2023-09-01T16:42:40 CET" duration-ms="3247" status="PASS">
          <reporter-output>
          </reporter-output>
        </test-method> <!-- ShouldBeAbleToLoginWithEmailAndPassword -->
        <test-method is-config="true" signature="TearDown(org.testng.ITestResult)[pri:0, instance:TestCases.LoginTest@77c7ed8e]" started-at="2023-09-01T16:42:40 CET" name="TearDown" finished-at="2023-09-01T16:42:40 CET" duration-ms="541" status="PASS">
          <params>
            <param index="0">
              <value>
                <![CDATA[[TestResult name=ShouldBeAbleToLoginWithEmailAndPassword status=SUCCESS method=LoginTest.ShouldBeAbleToLoginWithEmailAndPassword()[pri:0, instance:TestCases.LoginTest@77c7ed8e] output={null}]]]>
              </value>
            </param>
          </params>
          <reporter-output>
          </reporter-output>
        </test-method> <!-- TearDown -->
      </class> <!-- TestCases.LoginTest -->
    </test> <!-- Surefire test -->
  </suite> <!-- Surefire suite -->
</testng-results>
