<?xml version="1.0" encoding="UTF-8"?>
<testng-results ignored="0" total="1" passed="1" failed="0" skipped="0">
  <reporter-output>
  </reporter-output>
  <suite started-at="2023-08-31T22:12:27 WAT" name="Default suite" finished-at="2023-08-31T22:12:33 WAT" duration-ms="6271">
    <groups>
    </groups>
    <test started-at="2023-08-31T22:12:27 WAT" name="Default test" finished-at="2023-08-31T22:12:33 WAT" duration-ms="6271">
      <class name="TestCases.LoginTest">
        <test-method is-config="true" signature="setup()[pri:0, instance:TestCases.LoginTest@64412d34]" started-at="2023-08-31T22:12:27 WAT" name="setup" finished-at="2023-08-31T22:12:30 WAT" duration-ms="2744" status="PASS">
          <reporter-output>
          </reporter-output>
        </test-method> <!-- setup -->
        <test-method signature="ShouldBeAbleToLoginWithEmailAndPassword()[pri:0, instance:TestCases.LoginTest@64412d34]" started-at="2023-08-31T22:12:30 WAT" name="ShouldBeAbleToLoginWithEmailAndPassword" description=" test the login functionnality using email and password" finished-at="2023-08-31T22:12:32 WAT" duration-ms="2610" status="PASS">
          <reporter-output>
          </reporter-output>
        </test-method> <!-- ShouldBeAbleToLoginWithEmailAndPassword -->
        <test-method is-config="true" signature="TearDown(org.testng.ITestResult)[pri:0, instance:TestCases.LoginTest@64412d34]" started-at="2023-08-31T22:12:33 WAT" name="TearDown" finished-at="2023-08-31T22:12:33 WAT" duration-ms="274" status="PASS">
          <params>
            <param index="0">
              <value>
                <![CDATA[[TestResult name=ShouldBeAbleToLoginWithEmailAndPassword status=SUCCESS method=LoginTest.ShouldBeAbleToLoginWithEmailAndPassword()[pri:0, instance:TestCases.LoginTest@64412d34] output={null}]]]>
              </value>
            </param>
          </params>
          <reporter-output>
          </reporter-output>
        </test-method> <!-- TearDown -->
      </class> <!-- TestCases.LoginTest -->
    </test> <!-- Default test -->
  </suite> <!-- Default suite -->
</testng-results>
